C51 COMPILER V9.54   MATRIXKEYBOARD                                                        09/24/2022 10:35:54 PAGE 1   


C51 COMPILER V9.54, COMPILATION OF MODULE MATRIXKEYBOARD
OBJECT MODULE PLACED IN .\Objects\MatrixKeyboard.obj
COMPILER INVOKED BY: C:\Keil_v5_C51\C51\BIN\C51.EXE MatrixKeyboard.c OPTIMIZE(8,SPEED) BROWSE DEBUG OBJECTEXTEND PRINT(.
                    -\Listings\MatrixKeyboard.lst) TABS(2) OBJECT(.\Objects\MatrixKeyboard.obj)

line level    source

   1          #include <STC89C5xRC.H>
   2          #include "Delay.h"
   3          char MatrixKeyboard()
   4          {
   5   1        extern unsigned char num,key_lock;
   6   1        unsigned char number=20;
   7   1        if(key_lock==0)
   8   1        {
   9   2        P1=0XFF;
  10   2        P13=0;
  11   2        if(P17==0){Delay(10);while(P17==0);number=1;num++;}
  12   2        if(P16==0){Delay(10);while(P16==0);number=4;num++;}
  13   2        if(P15==0){Delay(10);while(P15==0);number=7;num++;}
  14   2        if(P14==0){Delay(10);while(P14==0);number=0;num++;}
  15   2      
  16   2        P1=0XFF;
  17   2        P12=0;
  18   2        if(P17==0){Delay(10);while(P17==0);number=2;num++;}
  19   2        if(P16==0){Delay(10);while(P16==0);number=5;num++;}
  20   2        if(P15==0){Delay(10);while(P15==0);number=8;num++;}
  21   2        if(P14==0){Delay(10);while(P14==0);number=11;}//临时密码
  22   2      
  23   2        P1=0XFF;
  24   2        P11=0;
  25   2        if(P17==0){Delay(10);while(P17==0);number=3;num++;}
  26   2        if(P16==0){Delay(10);while(P16==0);number=6;num++;}
  27   2        if(P15==0){Delay(10);while(P15==0);number=9;num++;}
  28   2        if(P14==0){Delay(10);while(P14==0);number=15;}//清除
  29   2      
  30   2        P1=0XFF;
  31   2        P10=0;
  32   2        if(P17==0){Delay(10);while(P17==0);number=12;}//上锁
  33   2        if(P16==0){Delay(10);while(P16==0);number=13;}//change
  34   2        if(P15==0){Delay(10);while(P15==0);number=14;}//添加用户
  35   2        if(P14==0){Delay(10);while(P14==0);number=16;}//确认
  36   2      
  37   2        return number;
  38   2        }
  39   1      }
  40          
*** WARNING C291 IN LINE 39 OF MatrixKeyboard.c: not every exit path returns a value


MODULE INFORMATION:   STATIC OVERLAYABLE
   CODE SIZE        =    308    ----
   CONSTANT SIZE    =   ----    ----
   XDATA SIZE       =   ----    ----
   PDATA SIZE       =   ----    ----
   DATA SIZE        =   ----       1
   IDATA SIZE       =   ----    ----
   BIT SIZE         =   ----    ----
END OF MODULE INFORMATION.


C51 COMPILATION COMPLETE.  1 WARNING(S),  0 ERROR(S)
